SF:lib/core/network/network_info.dart
DA:10,1
DA:12,1
DA:13,2
LF:3
LH:3
end_of_record
SF:lib/core/utils/input_convertor.dart
DA:5,1
DA:7,1
DA:8,1
DA:11,1
DA:13,1
DA:20,11
LF:6
LH:6
end_of_record
SF:lib/features/number_trivia/data/datasources/number_trivia_local_data_source.dart
DA:21,1
DA:23,1
DA:25,2
DA:29,2
DA:31,1
DA:35,1
DA:37,2
DA:39,2
LF:8
LH:8
end_of_record
SF:lib/features/number_trivia/data/datasources/number_trivia_remote_data_source.dart
DA:23,1
DA:25,1
DA:27,2
DA:28,1
DA:31,1
DA:34,2
DA:35,1
DA:38,1
DA:39,3
DA:42,2
DA:43,3
DA:45,1
LF:12
LH:12
end_of_record
SF:lib/features/number_trivia/domain/usecases/get_concrete_number_trivia.dart
DA:9,1
DA:13,1
DA:14,2
LF:3
LH:3
end_of_record
SF:lib/features/number_trivia/domain/usecases/get_random_number_trivia.dart
DA:9,1
DA:11,1
DA:12,2
LF:3
LH:3
end_of_record
SF:lib/core/error/failures.dart
DA:5,13
DA:7,0
DA:8,0
DA:13,3
DA:17,3
LF:5
LH:3
end_of_record
SF:lib/features/number_trivia/data/models/number_trivia_model.dart
DA:4,5
DA:7,3
DA:9,3
DA:10,3
DA:11,3
DA:12,6
DA:16,2
DA:17,2
DA:18,2
DA:19,2
LF:10
LH:10
end_of_record
SF:lib/features/number_trivia/domain/entities/number_trivia.dart
DA:7,8
DA:12,4
DA:13,4
DA:14,4
DA:15,4
LF:5
LH:5
end_of_record
SF:lib/features/number_trivia/data/repositories/number_trivia_repository_impl.dart
DA:15,1
DA:21,1
DA:24,2
DA:25,2
DA:29,1
DA:31,3
DA:34,1
DA:36,2
DA:38,1
DA:39,2
DA:41,1
DA:42,1
DA:47,2
DA:48,1
DA:49,1
LF:15
LH:15
end_of_record
SF:lib/features/number_trivia/presentation/bloc/number_trivia_event.dart
DA:4,1
DA:6,0
DA:7,0
DA:13,1
DA:15,0
DA:16,0
DA:20,1
DA:22,0
DA:23,0
LF:9
LH:3
end_of_record
SF:lib/features/number_trivia/presentation/bloc/number_trivia_state.dart
DA:4,3
DA:6,1
DA:7,1
DA:17,2
DA:19,1
DA:20,2
DA:26,3
DA:28,1
DA:29,2
LF:9
LH:9
end_of_record
SF:lib/features/number_trivia/presentation/bloc/number_trivia_bloc.dart
DA:19,1
DA:23,2
DA:24,2
DA:25,2
DA:28,1
DA:30,3
DA:32,2
DA:34,2
DA:35,1
DA:37,1
DA:38,2
DA:39,1
DA:43,1
DA:45,2
DA:47,2
DA:48,1
DA:51,1
DA:52,1
DA:53,1
DA:55,1
DA:62,1
DA:66,2
DA:67,1
DA:68,2
DA:70,1
DA:71,2
LF:26
LH:26
end_of_record
